<?xml version="1.0" encoding="UTF-8"?>
<testsuite xmlns:xsi="http://www.w3.org/2001/XMLSchema-instance" xsi:noNamespaceSchemaLocation="https://maven.apache.org/surefire/maven-surefire-plugin/xsd/surefire-test-report.xsd" version="3.0.1" name="com.example.RestAPISourceTest" time="0.548" tests="1" errors="0" skipped="0" failures="0">
  <properties>
    <property name="gopherProxySet" value="false"/>
    <property name="awt.toolkit" value="sun.lwawt.macosx.LWCToolkit"/>
    <property name="java.specification.version" value="11"/>
    <property name="sun.cpu.isalist" value=""/>
    <property name="sun.jnu.encoding" value="UTF-8"/>
    <property name="java.class.path" value="/Users/flo/Desktop/Thesis/rproject/wayang-restapi-test/wayang-restapitestinputstream/target/test-classes:/Users/flo/Desktop/Thesis/rproject/wayang-restapi-test/wayang-restapitestinputstream/target/classes:/Users/flo/.m2/repository/org/junit/jupiter/junit-jupiter-api/5.11.0/junit-jupiter-api-5.11.0.jar:/Users/flo/.m2/repository/org/opentest4j/opentest4j/1.3.0/opentest4j-1.3.0.jar:/Users/flo/.m2/repository/org/junit/platform/junit-platform-commons/1.11.0/junit-platform-commons-1.11.0.jar:/Users/flo/.m2/repository/org/apiguardian/apiguardian-api/1.1.2/apiguardian-api-1.1.2.jar:/Users/flo/.m2/repository/org/junit/jupiter/junit-jupiter-engine/5.11.0/junit-jupiter-engine-5.11.0.jar:/Users/flo/.m2/repository/org/junit/platform/junit-platform-engine/1.11.0/junit-platform-engine-1.11.0.jar:/Users/flo/.m2/repository/com/fasterxml/jackson/core/jackson-databind/2.15.0/jackson-databind-2.15.0.jar:/Users/flo/.m2/repository/com/fasterxml/jackson/core/jackson-annotations/2.15.0/jackson-annotations-2.15.0.jar:/Users/flo/.m2/repository/com/fasterxml/jackson/core/jackson-core/2.15.0/jackson-core-2.15.0.jar:/Users/flo/.m2/repository/org/apache/logging/log4j/log4j-api/2.20.0/log4j-api-2.20.0.jar:/Users/flo/.m2/repository/org/apache/logging/log4j/log4j-core/2.20.0/log4j-core-2.20.0.jar:/Users/flo/.m2/repository/org/apache/wayang/wayang-core/0.6.0/wayang-core-0.6.0.jar:/Users/flo/.m2/repository/org/yaml/snakeyaml/1.17/snakeyaml-1.17.jar:/Users/flo/.m2/repository/commons-io/commons-io/2.4/commons-io-2.4.jar:/Users/flo/.m2/repository/de/odysseus/juel/juel-api/2.2.7/juel-api-2.2.7.jar:/Users/flo/.m2/repository/de/odysseus/juel/juel-impl/2.2.7/juel-impl-2.2.7.jar:/Users/flo/.m2/repository/com/google/code/gson/gson/2.8.8/gson-2.8.8.jar:/Users/flo/.m2/repository/org/apache/commons/commons-lang3/3.12.0/commons-lang3-3.12.0.jar:/Users/flo/.m2/repository/org/antlr/antlr4-runtime/4.9.1/antlr4-runtime-4.9.1.jar:/Users/flo/.m2/repository/org/apache/wayang/wayang-utils-profile-db/0.6.0/wayang-utils-profile-db-0.6.0.jar:/Users/flo/.m2/repository/org/apache/wayang/wayang-java/0.6.0/wayang-java-0.6.0.jar:/Users/flo/.m2/repository/org/apache/wayang/wayang-basic/0.6.0/wayang-basic-0.6.0.jar:"/>
    <property name="java.vm.vendor" value="Oracle Corporation"/>
    <property name="sun.arch.data.model" value="64"/>
    <property name="java.vendor.url" value="https://openjdk.java.net/"/>
    <property name="user.timezone" value="Europe/Copenhagen"/>
    <property name="java.vm.specification.version" value="11"/>
    <property name="os.name" value="Mac OS X"/>
    <property name="sun.java.launcher" value="SUN_STANDARD"/>
    <property name="user.country" value="GB"/>
    <property name="sun.boot.library.path" value="/Library/Java/JavaVirtualMachines/jdk-11.jdk/Contents/Home/lib"/>
    <property name="sun.java.command" value="/Users/flo/Desktop/Thesis/rproject/wayang-restapi-test/wayang-restapitestinputstream/target/surefire/surefirebooter-20241017160939826_3.jar /Users/flo/Desktop/Thesis/rproject/wayang-restapi-test/wayang-restapitestinputstream/target/surefire 2024-10-17T16-09-39_698-jvmRun1 surefire-20241017160939826_1tmp surefire_0-20241017160939826_2tmp"/>
    <property name="jdk.debug" value="release"/>
    <property name="surefire.test.class.path" value="/Users/flo/Desktop/Thesis/rproject/wayang-restapi-test/wayang-restapitestinputstream/target/test-classes:/Users/flo/Desktop/Thesis/rproject/wayang-restapi-test/wayang-restapitestinputstream/target/classes:/Users/flo/.m2/repository/org/junit/jupiter/junit-jupiter-api/5.11.0/junit-jupiter-api-5.11.0.jar:/Users/flo/.m2/repository/org/opentest4j/opentest4j/1.3.0/opentest4j-1.3.0.jar:/Users/flo/.m2/repository/org/junit/platform/junit-platform-commons/1.11.0/junit-platform-commons-1.11.0.jar:/Users/flo/.m2/repository/org/apiguardian/apiguardian-api/1.1.2/apiguardian-api-1.1.2.jar:/Users/flo/.m2/repository/org/junit/jupiter/junit-jupiter-engine/5.11.0/junit-jupiter-engine-5.11.0.jar:/Users/flo/.m2/repository/org/junit/platform/junit-platform-engine/1.11.0/junit-platform-engine-1.11.0.jar:/Users/flo/.m2/repository/com/fasterxml/jackson/core/jackson-databind/2.15.0/jackson-databind-2.15.0.jar:/Users/flo/.m2/repository/com/fasterxml/jackson/core/jackson-annotations/2.15.0/jackson-annotations-2.15.0.jar:/Users/flo/.m2/repository/com/fasterxml/jackson/core/jackson-core/2.15.0/jackson-core-2.15.0.jar:/Users/flo/.m2/repository/org/apache/logging/log4j/log4j-api/2.20.0/log4j-api-2.20.0.jar:/Users/flo/.m2/repository/org/apache/logging/log4j/log4j-core/2.20.0/log4j-core-2.20.0.jar:/Users/flo/.m2/repository/org/apache/wayang/wayang-core/0.6.0/wayang-core-0.6.0.jar:/Users/flo/.m2/repository/org/yaml/snakeyaml/1.17/snakeyaml-1.17.jar:/Users/flo/.m2/repository/commons-io/commons-io/2.4/commons-io-2.4.jar:/Users/flo/.m2/repository/de/odysseus/juel/juel-api/2.2.7/juel-api-2.2.7.jar:/Users/flo/.m2/repository/de/odysseus/juel/juel-impl/2.2.7/juel-impl-2.2.7.jar:/Users/flo/.m2/repository/com/google/code/gson/gson/2.8.8/gson-2.8.8.jar:/Users/flo/.m2/repository/org/apache/commons/commons-lang3/3.12.0/commons-lang3-3.12.0.jar:/Users/flo/.m2/repository/org/antlr/antlr4-runtime/4.9.1/antlr4-runtime-4.9.1.jar:/Users/flo/.m2/repository/org/apache/wayang/wayang-utils-profile-db/0.6.0/wayang-utils-profile-db-0.6.0.jar:/Users/flo/.m2/repository/org/apache/wayang/wayang-java/0.6.0/wayang-java-0.6.0.jar:/Users/flo/.m2/repository/org/apache/wayang/wayang-basic/0.6.0/wayang-basic-0.6.0.jar:"/>
    <property name="sun.cpu.endian" value="little"/>
    <property name="user.home" value="/Users/flo"/>
    <property name="user.language" value="en"/>
    <property name="java.specification.vendor" value="Oracle Corporation"/>
    <property name="java.version.date" value="2024-04-16"/>
    <property name="java.home" value="/Library/Java/JavaVirtualMachines/jdk-11.jdk/Contents/Home"/>
    <property name="file.separator" value="/"/>
    <property name="basedir" value="/Users/flo/Desktop/Thesis/rproject/wayang-restapi-test/wayang-restapitestinputstream"/>
    <property name="java.vm.compressedOopsMode" value="Zero based"/>
    <property name="line.separator" value="&#10;"/>
    <property name="java.specification.name" value="Java Platform API Specification"/>
    <property name="java.vm.specification.vendor" value="Oracle Corporation"/>
    <property name="java.awt.graphicsenv" value="sun.awt.CGraphicsEnvironment"/>
    <property name="surefire.real.class.path" value="/Users/flo/Desktop/Thesis/rproject/wayang-restapi-test/wayang-restapitestinputstream/target/surefire/surefirebooter-20241017160939826_3.jar"/>
    <property name="sun.management.compiler" value="HotSpot 64-Bit Tiered Compilers"/>
    <property name="java.runtime.version" value="11.0.23+7-LTS-222"/>
    <property name="user.name" value="flo"/>
    <property name="path.separator" value=":"/>
    <property name="os.version" value="15.0.1"/>
    <property name="java.runtime.name" value="Java(TM) SE Runtime Environment"/>
    <property name="file.encoding" value="UTF-8"/>
    <property name="java.vm.name" value="Java HotSpot(TM) 64-Bit Server VM"/>
    <property name="java.vendor.version" value="18.9"/>
    <property name="localRepository" value="/Users/flo/.m2/repository"/>
    <property name="java.vendor.url.bug" value="https://bugreport.java.com/bugreport/"/>
    <property name="java.io.tmpdir" value="/var/folders/4l/wfp4gjq50mb26f_4tbq4618w0000gn/T/"/>
    <property name="java.version" value="11.0.23"/>
    <property name="user.dir" value="/Users/flo/Desktop/Thesis/rproject/wayang-restapi-test/wayang-restapitestinputstream"/>
    <property name="os.arch" value="aarch64"/>
    <property name="java.vm.specification.name" value="Java Virtual Machine Specification"/>
    <property name="java.awt.printerjob" value="sun.lwawt.macosx.CPrinterJob"/>
    <property name="sun.os.patch.level" value="unknown"/>
    <property name="java.library.path" value="/Users/flo/Library/Java/Extensions:/Library/Java/Extensions:/Network/Library/Java/Extensions:/System/Library/Java/Extensions:/usr/lib/java:."/>
    <property name="java.vendor" value="Oracle Corporation"/>
    <property name="java.vm.info" value="mixed mode"/>
    <property name="java.vm.version" value="11.0.23+7-LTS-222"/>
    <property name="java.specification.maintenance.version" value="2"/>
    <property name="sun.io.unicode.encoding" value="UnicodeBig"/>
    <property name="java.class.version" value="55.0"/>
  </properties>
  <testcase name="testFetchDataFromAPI" classname="com.example.RestAPISourceTest" time="0.284">
    <system-out><![CDATA[2024-10-17 16:09:40,736 [main] INFO : Successfully fetched data from REST API.
2024-10-17 16:09:40,905 [main] INFO : API Response Line: {
2024-10-17 16:09:40,905 [main] INFO : API Response Line:   "userId": 1,
2024-10-17 16:09:40,905 [main] INFO : API Response Line:   "id": 1,
2024-10-17 16:09:40,905 [main] INFO : API Response Line:   "title": "sunt aut facere repellat provident occaecati excepturi optio reprehenderit",
2024-10-17 16:09:40,906 [main] INFO : API Response Line:   "body": "quia et suscipit\nsuscipit recusandae consequuntur expedita et cum\nreprehenderit molestiae ut ut quas totam\nnostrum rerum est autem sunt rem eveniet architecto"
]]></system-out>
  </testcase>
</testsuite>